Using pre-set license
Built from '2020.3/staging' branch; Version is '2020.3.5f1 (8095aa901b9b) revision 8426922'; Using compiler version '192528614'; Build Type 'Release'
OS: 'Windows 10 Home Single Language; OS build 19041.928; Version 2004; 64bit' Language: 'ru' Physical Memory: 6091 MB
BatchMode: 1, IsHumanControllingUs: 0, StartBugReporterOnCrash: 0, Is64bit: 1, IsPro: 0

 COMMAND LINE ARGUMENTS:
D:\Unity\Editor Folder\2020.3.5f1\Editor\Unity.exe
-adb2
-batchMode
-noUpm
-name
AssetImportWorker0
-projectPath
D:/Repositories/AzamatDetectiveStoryGame/AzamatSemesterWork
-logFile
Logs/AssetImportWorker0.log
-srvPort
58351
Successfully changed project path to: D:/Repositories/AzamatDetectiveStoryGame/AzamatSemesterWork
D:/Repositories/AzamatDetectiveStoryGame/AzamatSemesterWork
Using Asset Import Pipeline V2.
Refreshing native plugins compatible for Editor in 32.05 ms, found 0 plugins.
Preloading 0 native plugins for Editor in 0.00 ms.
Initialize engine version: 2020.3.5f1 (8095aa901b9b)
[Subsystems] Discovering subsystems at path D:/Unity/Editor Folder/2020.3.5f1/Editor/Data/Resources/UnitySubsystems
[Subsystems] Discovering subsystems at path D:/Repositories/AzamatDetectiveStoryGame/AzamatSemesterWork/Assets
GfxDevice: creating device client; threaded=0
Direct3D:
    Version:  Direct3D 11.0 [level 11.1]
    Renderer: NVIDIA GeForce MX230 (ID=0x1d11)
    Vendor:   
    VRAM:     1984 MB
    Driver:   27.21.14.5763
Initialize mono
Mono path[0] = 'D:/Unity/Editor Folder/2020.3.5f1/Editor/Data/Managed'
Mono path[1] = 'D:/Unity/Editor Folder/2020.3.5f1/Editor/Data/MonoBleedingEdge/lib/mono/unityjit'
Mono config path = 'D:/Unity/Editor Folder/2020.3.5f1/Editor/Data/MonoBleedingEdge/etc'
Using monoOptions --debugger-agent=transport=dt_socket,embedding=1,server=y,suspend=n,address=127.0.0.1:56164
Begin MonoManager ReloadAssembly
Registering precompiled unity dll's ...
Register platform support module: D:/Unity/Editor Folder/2020.3.5f1/Editor/Data/PlaybackEngines/WindowsStandaloneSupport/UnityEditor.WindowsStandalone.Extensions.dll
Registered in 0.002304 seconds.
Native extension for WindowsStandalone target not found
Refreshing native plugins compatible for Editor in 29.76 ms, found 0 plugins.
Preloading 0 native plugins for Editor in 0.00 ms.
Mono: successfully reloaded assembly
- Completed reload, in  1.928 seconds
Platform modules already initialized, skipping
Registering precompiled user dll's ...
Registered in 0.000902 seconds.
Begin MonoManager ReloadAssembly
Native extension for WindowsStandalone target not found
Refreshing native plugins compatible for Editor in 0.27 ms, found 0 plugins.
Preloading 0 native plugins for Editor in 0.00 ms.
Mono: successfully reloaded assembly
- Completed reload, in  0.980 seconds
Platform modules already initialized, skipping
========================================================================
Worker process is ready to serve import requests
Launched and connected shader compiler UnityShaderCompiler.exe after 0.15 seconds
Refreshing native plugins compatible for Editor in 0.26 ms, found 0 plugins.
Preloading 0 native plugins for Editor in 0.00 ms.
Unloading 1121 Unused Serialized files (Serialized files now loaded: 0)
System memory in use before: 57.8 MB.
System memory in use after: 57.9 MB.

Unloading 10 unused Assets to reduce memory usage. Loaded Objects now: 1564.
Total: 2.737500 ms (FindLiveObjects: 0.193000 ms CreateObjectMapping: 0.039400 ms MarkObjects: 2.377100 ms  DeleteObjects: 0.126500 ms)

========================================================================
Received Import Request.
  path: Assets/ItsOboiMan.jpg
  artifactKey: Guid(9e408274027703941b3d084ca0fab7bc) Importer(815301076,1909f56bfc062723c751e8b465ee728b)
Start importing Assets/ItsOboiMan.jpg using Guid(9e408274027703941b3d084ca0fab7bc) Importer(815301076,1909f56bfc062723c751e8b465ee728b)  -> (artifact id: 'ad64c5161cdd3ea262939c3af6897aec') in 0.127260 seconds
  Import took 0.129803 seconds .

========================================================================
Received Prepare
Registering precompiled user dll's ...
Registered in 0.001005 seconds.
Begin MonoManager ReloadAssembly
Native extension for WindowsStandalone target not found
Refreshing native plugins compatible for Editor in 0.29 ms, found 0 plugins.
Preloading 0 native plugins for Editor in 0.00 ms.
Mono: successfully reloaded assembly
- Completed reload, in  2.453 seconds
Platform modules already initialized, skipping
Refreshing native plugins compatible for Editor in 0.27 ms, found 0 plugins.
Preloading 0 native plugins for Editor in 0.00 ms.
Unloading 1116 Unused Serialized files (Serialized files now loaded: 0)
System memory in use before: 57.7 MB.
System memory in use after: 57.8 MB.

Unloading 5 unused Assets to reduce memory usage. Loaded Objects now: 1569.
Total: 2.738300 ms (FindLiveObjects: 0.401600 ms CreateObjectMapping: 0.095400 ms MarkObjects: 2.141800 ms  DeleteObjects: 0.089600 ms)

========================================================================
Received Import Request.
  Time since last request: 1911.210189 seconds.
  path: Assets/Scripts/Inventory.cs
  artifactKey: Guid(3f140cd9da07eb54495bd7eb5accfcae) Importer(815301076,1909f56bfc062723c751e8b465ee728b)
Start importing Assets/Scripts/Inventory.cs using Guid(3f140cd9da07eb54495bd7eb5accfcae) Importer(815301076,1909f56bfc062723c751e8b465ee728b)  -> (artifact id: '39e8c72d241c5410d0f1af5f3c6d5fba') in 0.020999 seconds
  Import took 0.062340 seconds .

========================================================================
Received Import Request.
  Time since last request: 0.182858 seconds.
  path: Assets/Scripts/Inventory.cs
  artifactKey: Guid(3f140cd9da07eb54495bd7eb5accfcae) Importer(815301076,1909f56bfc062723c751e8b465ee728b)
Start importing Assets/Scripts/Inventory.cs using Guid(3f140cd9da07eb54495bd7eb5accfcae) Importer(815301076,1909f56bfc062723c751e8b465ee728b)  -> (artifact id: '39e8c72d241c5410d0f1af5f3c6d5fba') in 0.005281 seconds
  Import took 0.009945 seconds .

========================================================================
Received Import Request.
  Time since last request: 797.011384 seconds.
  path: Assets/Resources/Icons/screen.png
  artifactKey: Guid(a6b4670c158a46040857c5b241419255) Importer(815301076,1909f56bfc062723c751e8b465ee728b)
Start importing Assets/Resources/Icons/screen.png using Guid(a6b4670c158a46040857c5b241419255) Importer(815301076,1909f56bfc062723c751e8b465ee728b)  -> (artifact id: 'eb8b997c7e6df6b5168005fd9794d2d7') in 1.032417 seconds
  Import took 1.037923 seconds .

========================================================================
Received Import Request.
  Time since last request: 0.000894 seconds.
  path: Assets/Resources/Icons/shellCase.PNG
  artifactKey: Guid(589d052b97ee0ed489d72c21e4e635f5) Importer(815301076,1909f56bfc062723c751e8b465ee728b)
Start importing Assets/Resources/Icons/shellCase.PNG using Guid(589d052b97ee0ed489d72c21e4e635f5) Importer(815301076,1909f56bfc062723c751e8b465ee728b)  -> (artifact id: '0307302092dc73fe61847b078457c85d') in 0.085591 seconds
  Import took 0.116964 seconds .

========================================================================
Received Import Request.
  Time since last request: 0.004103 seconds.
  path: Assets/Resources/Icons/shellCase.PNG
  artifactKey: Guid(589d052b97ee0ed489d72c21e4e635f5) Importer(815301076,1909f56bfc062723c751e8b465ee728b)
Start importing Assets/Resources/Icons/shellCase.PNG using Guid(589d052b97ee0ed489d72c21e4e635f5) Importer(815301076,1909f56bfc062723c751e8b465ee728b)  -> (artifact id: '0307302092dc73fe61847b078457c85d') in 0.015089 seconds
  Import took 0.017936 seconds .

========================================================================
Received Import Request.
  Time since last request: 11.743196 seconds.
  path: Assets/MainRoom/AbuBalda.blend
  artifactKey: Guid(9a88233f52c0749498cd52389a6d8c4f) Importer(815301076,1909f56bfc062723c751e8b465ee728b)
Start importing Assets/MainRoom/AbuBalda.blend using Guid(9a88233f52c0749498cd52389a6d8c4f) Importer(815301076,1909f56bfc062723c751e8b465ee728b)  -> (artifact id: '6bd52c1f63951164db616c4e23eeece1') in 1.228405 seconds
  Import took 1.231979 seconds .

========================================================================
Received Import Request.
  Time since last request: 0.000821 seconds.
  path: Assets/Materials/matras.mat
  artifactKey: Guid(2eb938c57c4fa2e46b75cac20db02988) Importer(815301076,1909f56bfc062723c751e8b465ee728b)
Start importing Assets/Materials/matras.mat using Guid(2eb938c57c4fa2e46b75cac20db02988) Importer(815301076,1909f56bfc062723c751e8b465ee728b)  -> (artifact id: '1689e7622e505d99b9be6d0dc3b036e8') in 0.135323 seconds
  Import took 0.138599 seconds .

========================================================================
Received Import Request.
  Time since last request: 0.000305 seconds.
  path: Assets/Materials/ItsOboiMan.mat
  artifactKey: Guid(ab79fde41f1b0824ababe105769454dd) Importer(815301076,1909f56bfc062723c751e8b465ee728b)
Start importing Assets/Materials/ItsOboiMan.mat using Guid(ab79fde41f1b0824ababe105769454dd) Importer(815301076,1909f56bfc062723c751e8b465ee728b)  -> (artifact id: 'a2efea5d70795939b2f64d213af5a83a') in 0.062346 seconds
  Import took 0.064848 seconds .

========================================================================
Received Import Request.
  Time since last request: 1.648493 seconds.
  path: Assets/Prefabs/Cell.prefab
  artifactKey: Guid(d5790cb4160df9147af2bb5473db7309) Importer(815301076,1909f56bfc062723c751e8b465ee728b)
Start importing Assets/Prefabs/Cell.prefab using Guid(d5790cb4160df9147af2bb5473db7309) Importer(815301076,1909f56bfc062723c751e8b465ee728b)  -> (artifact id: 'a86fae4adf8462738430825aff429081') in 0.129005 seconds
  Import took 0.131808 seconds .

========================================================================
Received Import Request.
  Time since last request: 1583.237668 seconds.
  path: Assets/Prefabs/DieryCell.prefab
  artifactKey: Guid(1d192a346b02bf442b6e44e5133fade7) Importer(815301076,1909f56bfc062723c751e8b465ee728b)
Start importing Assets/Prefabs/DieryCell.prefab using Guid(1d192a346b02bf442b6e44e5133fade7) Importer(815301076,1909f56bfc062723c751e8b465ee728b)  -> (artifact id: 'f54168d2aa0a2a115b253e0e463ccab4') in 0.018649 seconds
  Import took 0.022094 seconds .

========================================================================
Received Import Request.
  Time since last request: 64.404123 seconds.
  path: Assets/Prefabs/DieryCell.prefab
  artifactKey: Guid(1d192a346b02bf442b6e44e5133fade7) Importer(815301076,1909f56bfc062723c751e8b465ee728b)
Start importing Assets/Prefabs/DieryCell.prefab using Guid(1d192a346b02bf442b6e44e5133fade7) Importer(815301076,1909f56bfc062723c751e8b465ee728b)  -> (artifact id: '846af8f9ee32206b9642658b47d2d656') in 0.004873 seconds
  Import took 0.007550 seconds .

========================================================================
Received Prepare
Registering precompiled user dll's ...
Registered in 0.001813 seconds.
Begin MonoManager ReloadAssembly
Native extension for WindowsStandalone target not found
Refreshing native plugins compatible for Editor in 0.28 ms, found 0 plugins.
Preloading 0 native plugins for Editor in 0.00 ms.
Mono: successfully reloaded assembly
- Completed reload, in  1.515 seconds
Platform modules already initialized, skipping
Refreshing native plugins compatible for Editor in 0.26 ms, found 0 plugins.
Preloading 0 native plugins for Editor in 0.00 ms.
Unloading 1116 Unused Serialized files (Serialized files now loaded: 0)
System memory in use before: 61.3 MB.
System memory in use after: 61.4 MB.

Unloading 7 unused Assets to reduce memory usage. Loaded Objects now: 1621.
Total: 2.542500 ms (FindLiveObjects: 0.274700 ms CreateObjectMapping: 0.046800 ms MarkObjects: 2.121700 ms  DeleteObjects: 0.097100 ms)

========================================================================
Received Import Request.
  Time since last request: 1024.471863 seconds.
  path: Assets/Prefabs/DiaryCell.prefab
  artifactKey: Guid(1d192a346b02bf442b6e44e5133fade7) Importer(815301076,1909f56bfc062723c751e8b465ee728b)
Start importing Assets/Prefabs/DiaryCell.prefab using Guid(1d192a346b02bf442b6e44e5133fade7) Importer(815301076,1909f56bfc062723c751e8b465ee728b)  -> (artifact id: 'ab246d7564e095e2779afc1fca5999e0') in 0.073704 seconds
  Import took 0.076869 seconds .

========================================================================
Received Import Request.
  Time since last request: 78.294815 seconds.
  path: ProjectSettings/TagManager.asset
  artifactKey: Guid(00000000000000003000000000000000) Importer(815301076,1909f56bfc062723c751e8b465ee728b)
Start importing ProjectSettings/TagManager.asset using Guid(00000000000000003000000000000000) Importer(815301076,1909f56bfc062723c751e8b465ee728b)  -> (artifact id: '26e51fcaa75faef597b0b9cd1e17f58c') in 0.005937 seconds
  Import took 0.008829 seconds .

========================================================================
Received Import Request.
  Time since last request: 0.097655 seconds.
  path: ProjectSettings/TagManager.asset
  artifactKey: Guid(00000000000000003000000000000000) Importer(815301076,1909f56bfc062723c751e8b465ee728b)
Start importing ProjectSettings/TagManager.asset using Guid(00000000000000003000000000000000) Importer(815301076,1909f56bfc062723c751e8b465ee728b)  -> (artifact id: '26e51fcaa75faef597b0b9cd1e17f58c') in 0.004369 seconds
  Import took 0.007134 seconds .

========================================================================
Received Prepare
Registering precompiled user dll's ...
Registered in 0.001063 seconds.
Begin MonoManager ReloadAssembly
Native extension for WindowsStandalone target not found
Refreshing native plugins compatible for Editor in 0.24 ms, found 0 plugins.
Preloading 0 native plugins for Editor in 0.00 ms.
Mono: successfully reloaded assembly
- Completed reload, in  0.982 seconds
Platform modules already initialized, skipping
Refreshing native plugins compatible for Editor in 0.24 ms, found 0 plugins.
Preloading 0 native plugins for Editor in 0.00 ms.
Unloading 1117 Unused Serialized files (Serialized files now loaded: 0)
System memory in use before: 61.4 MB.
System memory in use after: 61.4 MB.

Unloading 8 unused Assets to reduce memory usage. Loaded Objects now: 1625.
Total: 2.057200 ms (FindLiveObjects: 0.207900 ms CreateObjectMapping: 0.028400 ms MarkObjects: 1.746900 ms  DeleteObjects: 0.072300 ms)

========================================================================
Received Import Request.
  Time since last request: 127.538646 seconds.
  path: Assets/Resources/Prefabs/laptop.prefab
  artifactKey: Guid(b54faee7bd813aa45a6fe8245e25d468) Importer(815301076,1909f56bfc062723c751e8b465ee728b)
Start importing Assets/Resources/Prefabs/laptop.prefab using Guid(b54faee7bd813aa45a6fe8245e25d468) Importer(815301076,1909f56bfc062723c751e8b465ee728b)  -> (artifact id: '1885d18e7927e9ba21696b5797b801c5') in 0.224819 seconds
  Import took 0.227284 seconds .

========================================================================
Received Import Request.
  Time since last request: 41.133181 seconds.
  path: Assets/Diary.cs
  artifactKey: Guid(83573c1c7f604564f825abacecd79292) Importer(815301076,1909f56bfc062723c751e8b465ee728b)
Start importing Assets/Diary.cs using Guid(83573c1c7f604564f825abacecd79292) Importer(815301076,1909f56bfc062723c751e8b465ee728b)  -> (artifact id: '5f08576e8a534b1029516cdaf67a19c1') in 0.005983 seconds
  Import took 0.010773 seconds .

========================================================================
Received Prepare
Registering precompiled user dll's ...
Registered in 0.000886 seconds.
Begin MonoManager ReloadAssembly
Native extension for WindowsStandalone target not found
Refreshing native plugins compatible for Editor in 0.27 ms, found 0 plugins.
Preloading 0 native plugins for Editor in 0.00 ms.
Mono: successfully reloaded assembly
- Completed reload, in  1.052 seconds
Platform modules already initialized, skipping
Refreshing native plugins compatible for Editor in 0.27 ms, found 0 plugins.
Preloading 0 native plugins for Editor in 0.00 ms.
Unloading 1117 Unused Serialized files (Serialized files now loaded: 0)
System memory in use before: 61.4 MB.
System memory in use after: 61.5 MB.

Unloading 5 unused Assets to reduce memory usage. Loaded Objects now: 1629.
Total: 2.523600 ms (FindLiveObjects: 0.208300 ms CreateObjectMapping: 0.045200 ms MarkObjects: 2.187900 ms  DeleteObjects: 0.080500 ms)

========================================================================
Received Prepare
Registering precompiled user dll's ...
Registered in 0.000909 seconds.
Begin MonoManager ReloadAssembly
Native extension for WindowsStandalone target not found
Refreshing native plugins compatible for Editor in 0.26 ms, found 0 plugins.
Preloading 0 native plugins for Editor in 0.00 ms.
Mono: successfully reloaded assembly
- Completed reload, in  0.948 seconds
Platform modules already initialized, skipping
Refreshing native plugins compatible for Editor in 0.28 ms, found 0 plugins.
Preloading 0 native plugins for Editor in 0.00 ms.
Unloading 1117 Unused Serialized files (Serialized files now loaded: 0)
System memory in use before: 61.4 MB.
System memory in use after: 61.5 MB.

Unloading 5 unused Assets to reduce memory usage. Loaded Objects now: 1632.
Total: 2.710300 ms (FindLiveObjects: 0.220800 ms CreateObjectMapping: 0.041100 ms MarkObjects: 2.354100 ms  DeleteObjects: 0.092300 ms)

========================================================================
Received Import Request.
  Time since last request: 6959.976652 seconds.
  path: Assets/Scripts/Diary.cs
  artifactKey: Guid(83573c1c7f604564f825abacecd79292) Importer(815301076,1909f56bfc062723c751e8b465ee728b)
Start importing Assets/Scripts/Diary.cs using Guid(83573c1c7f604564f825abacecd79292) Importer(815301076,1909f56bfc062723c751e8b465ee728b)  -> (artifact id: '6908143243517aa64174737cd1e0f492') in 0.006979 seconds
  Import took 0.010089 seconds .

========================================================================
Received Prepare
Registering precompiled user dll's ...
Registered in 0.001059 seconds.
Begin MonoManager ReloadAssembly
Native extension for WindowsStandalone target not found
Refreshing native plugins compatible for Editor in 0.27 ms, found 0 plugins.
Preloading 0 native plugins for Editor in 0.00 ms.
Mono: successfully reloaded assembly
- Completed reload, in  1.091 seconds
Platform modules already initialized, skipping
Refreshing native plugins compatible for Editor in 0.27 ms, found 0 plugins.
Preloading 0 native plugins for Editor in 0.00 ms.
Unloading 1117 Unused Serialized files (Serialized files now loaded: 0)
System memory in use before: 61.4 MB.
System memory in use after: 61.5 MB.

Unloading 5 unused Assets to reduce memory usage. Loaded Objects now: 1635.
Total: 3.540300 ms (FindLiveObjects: 0.247700 ms CreateObjectMapping: 0.254800 ms MarkObjects: 2.946400 ms  DeleteObjects: 0.089500 ms)

========================================================================
Received Import Request.
  Time since last request: 30.540475 seconds.
  path: Assets/Scripts/Diary.cs
  artifactKey: Guid(83573c1c7f604564f825abacecd79292) Importer(815301076,1909f56bfc062723c751e8b465ee728b)
Start importing Assets/Scripts/Diary.cs using Guid(83573c1c7f604564f825abacecd79292) Importer(815301076,1909f56bfc062723c751e8b465ee728b)  -> (artifact id: '013291d40de93ce5cf517320798ae6ee') in 0.006838 seconds
  Import took 0.009932 seconds .

========================================================================
Received Prepare
Registering precompiled user dll's ...
Registered in 0.000883 seconds.
Begin MonoManager ReloadAssembly
Native extension for WindowsStandalone target not found
Refreshing native plugins compatible for Editor in 0.25 ms, found 0 plugins.
Preloading 0 native plugins for Editor in 0.00 ms.
Mono: successfully reloaded assembly
- Completed reload, in  0.954 seconds
Platform modules already initialized, skipping
Refreshing native plugins compatible for Editor in 0.28 ms, found 0 plugins.
Preloading 0 native plugins for Editor in 0.00 ms.
Unloading 1117 Unused Serialized files (Serialized files now loaded: 0)
System memory in use before: 61.4 MB.
System memory in use after: 61.5 MB.

Unloading 5 unused Assets to reduce memory usage. Loaded Objects now: 1638.
Total: 2.610100 ms (FindLiveObjects: 0.317300 ms CreateObjectMapping: 0.076900 ms MarkObjects: 2.139400 ms  DeleteObjects: 0.074300 ms)

========================================================================
Received Prepare
Registering precompiled user dll's ...
Registered in 0.000875 seconds.
Begin MonoManager ReloadAssembly
Native extension for WindowsStandalone target not found
Refreshing native plugins compatible for Editor in 0.25 ms, found 0 plugins.
Preloading 0 native plugins for Editor in 0.00 ms.
Mono: successfully reloaded assembly
- Completed reload, in  1.056 seconds
Platform modules already initialized, skipping
Refreshing native plugins compatible for Editor in 0.27 ms, found 0 plugins.
Preloading 0 native plugins for Editor in 0.00 ms.
Unloading 1117 Unused Serialized files (Serialized files now loaded: 0)
System memory in use before: 61.5 MB.
System memory in use after: 61.5 MB.

Unloading 5 unused Assets to reduce memory usage. Loaded Objects now: 1641.
Total: 3.199500 ms (FindLiveObjects: 0.238300 ms CreateObjectMapping: 0.057900 ms MarkObjects: 2.805000 ms  DeleteObjects: 0.095700 ms)

========================================================================
Received Prepare
Registering precompiled user dll's ...
Registered in 0.001648 seconds.
Begin MonoManager ReloadAssembly
Native extension for WindowsStandalone target not found
Refreshing native plugins compatible for Editor in 0.32 ms, found 0 plugins.
Preloading 0 native plugins for Editor in 0.00 ms.
Mono: successfully reloaded assembly
- Completed reload, in  1.115 seconds
Platform modules already initialized, skipping
Refreshing native plugins compatible for Editor in 0.25 ms, found 0 plugins.
Preloading 0 native plugins for Editor in 0.00 ms.
Unloading 1117 Unused Serialized files (Serialized files now loaded: 0)
System memory in use before: 61.5 MB.
System memory in use after: 61.5 MB.

Unloading 5 unused Assets to reduce memory usage. Loaded Objects now: 1644.
Total: 2.338300 ms (FindLiveObjects: 0.249300 ms CreateObjectMapping: 0.048500 ms MarkObjects: 1.969800 ms  DeleteObjects: 0.069200 ms)

========================================================================
Received Prepare
Registering precompiled user dll's ...
Registered in 0.000880 seconds.
Begin MonoManager ReloadAssembly
Native extension for WindowsStandalone target not found
Refreshing native plugins compatible for Editor in 0.25 ms, found 0 plugins.
Preloading 0 native plugins for Editor in 0.00 ms.
Mono: successfully reloaded assembly
- Completed reload, in  1.127 seconds
Platform modules already initialized, skipping
Refreshing native plugins compatible for Editor in 0.27 ms, found 0 plugins.
Preloading 0 native plugins for Editor in 0.00 ms.
Unloading 1117 Unused Serialized files (Serialized files now loaded: 0)
System memory in use before: 61.5 MB.
System memory in use after: 61.5 MB.

Unloading 5 unused Assets to reduce memory usage. Loaded Objects now: 1647.
Total: 2.366200 ms (FindLiveObjects: 0.194600 ms CreateObjectMapping: 0.039600 ms MarkObjects: 2.054700 ms  DeleteObjects: 0.075500 ms)

========================================================================
Received Prepare
Registering precompiled user dll's ...
Registered in 0.001620 seconds.
Begin MonoManager ReloadAssembly
Native extension for WindowsStandalone target not found
Refreshing native plugins compatible for Editor in 0.25 ms, found 0 plugins.
Preloading 0 native plugins for Editor in 0.00 ms.
Mono: successfully reloaded assembly
- Completed reload, in  1.100 seconds
Platform modules already initialized, skipping
Refreshing native plugins compatible for Editor in 0.32 ms, found 0 plugins.
Preloading 0 native plugins for Editor in 0.00 ms.
Unloading 1117 Unused Serialized files (Serialized files now loaded: 0)
System memory in use before: 61.5 MB.
System memory in use after: 61.5 MB.

Unloading 5 unused Assets to reduce memory usage. Loaded Objects now: 1650.
Total: 2.929400 ms (FindLiveObjects: 0.341900 ms CreateObjectMapping: 0.185300 ms MarkObjects: 2.320900 ms  DeleteObjects: 0.079000 ms)

========================================================================
Received Prepare
Registering precompiled user dll's ...
Registered in 0.000906 seconds.
Begin MonoManager ReloadAssembly
Native extension for WindowsStandalone target not found
Refreshing native plugins compatible for Editor in 0.26 ms, found 0 plugins.
Preloading 0 native plugins for Editor in 0.00 ms.
Mono: successfully reloaded assembly
- Completed reload, in  1.103 seconds
Platform modules already initialized, skipping
Refreshing native plugins compatible for Editor in 0.25 ms, found 0 plugins.
Preloading 0 native plugins for Editor in 0.00 ms.
Unloading 1117 Unused Serialized files (Serialized files now loaded: 0)
System memory in use before: 61.5 MB.
System memory in use after: 61.5 MB.

Unloading 5 unused Assets to reduce memory usage. Loaded Objects now: 1653.
Total: 2.791400 ms (FindLiveObjects: 0.210000 ms CreateObjectMapping: 0.069500 ms MarkObjects: 2.426000 ms  DeleteObjects: 0.084200 ms)

========================================================================
Received Prepare
Registering precompiled user dll's ...
Registered in 0.001130 seconds.
Begin MonoManager ReloadAssembly
Native extension for WindowsStandalone target not found
Refreshing native plugins compatible for Editor in 0.25 ms, found 0 plugins.
Preloading 0 native plugins for Editor in 0.00 ms.
Mono: successfully reloaded assembly
- Completed reload, in  1.100 seconds
Platform modules already initialized, skipping
Refreshing native plugins compatible for Editor in 0.25 ms, found 0 plugins.
Preloading 0 native plugins for Editor in 0.00 ms.
Unloading 1117 Unused Serialized files (Serialized files now loaded: 0)
System memory in use before: 61.5 MB.
System memory in use after: 61.5 MB.

Unloading 5 unused Assets to reduce memory usage. Loaded Objects now: 1656.
Total: 2.639100 ms (FindLiveObjects: 0.446800 ms CreateObjectMapping: 0.062300 ms MarkObjects: 2.051200 ms  DeleteObjects: 0.075300 ms)

========================================================================
Received Prepare
Registering precompiled user dll's ...
Registered in 0.000877 seconds.
Begin MonoManager ReloadAssembly
Native extension for WindowsStandalone target not found
Refreshing native plugins compatible for Editor in 0.25 ms, found 0 plugins.
Preloading 0 native plugins for Editor in 0.00 ms.
Mono: successfully reloaded assembly
- Completed reload, in  0.919 seconds
Platform modules already initialized, skipping
Refreshing native plugins compatible for Editor in 0.24 ms, found 0 plugins.
Preloading 0 native plugins for Editor in 0.00 ms.
Unloading 1117 Unused Serialized files (Serialized files now loaded: 0)
System memory in use before: 61.5 MB.
System memory in use after: 61.6 MB.

Unloading 5 unused Assets to reduce memory usage. Loaded Objects now: 1659.
Total: 2.724300 ms (FindLiveObjects: 0.204300 ms CreateObjectMapping: 0.039500 ms MarkObjects: 2.400900 ms  DeleteObjects: 0.077300 ms)

========================================================================
Received Prepare
Registering precompiled user dll's ...
Registered in 0.001133 seconds.
Begin MonoManager ReloadAssembly
Native extension for WindowsStandalone target not found
Refreshing native plugins compatible for Editor in 0.24 ms, found 0 plugins.
Preloading 0 native plugins for Editor in 0.00 ms.
Mono: successfully reloaded assembly
- Completed reload, in  1.064 seconds
Platform modules already initialized, skipping
Refreshing native plugins compatible for Editor in 0.27 ms, found 0 plugins.
Preloading 0 native plugins for Editor in 0.00 ms.
Unloading 1117 Unused Serialized files (Serialized files now loaded: 0)
System memory in use before: 61.5 MB.
System memory in use after: 61.6 MB.

Unloading 5 unused Assets to reduce memory usage. Loaded Objects now: 1662.
Total: 2.330700 ms (FindLiveObjects: 0.249500 ms CreateObjectMapping: 0.040200 ms MarkObjects: 1.965600 ms  DeleteObjects: 0.074000 ms)

========================================================================
Received Prepare
Registering precompiled user dll's ...
Registered in 0.001022 seconds.
Begin MonoManager ReloadAssembly
Native extension for WindowsStandalone target not found
Refreshing native plugins compatible for Editor in 0.27 ms, found 0 plugins.
Preloading 0 native plugins for Editor in 0.00 ms.
Mono: successfully reloaded assembly
- Completed reload, in  0.969 seconds
Platform modules already initialized, skipping
Refreshing native plugins compatible for Editor in 0.24 ms, found 0 plugins.
Preloading 0 native plugins for Editor in 0.00 ms.
Unloading 1117 Unused Serialized files (Serialized files now loaded: 0)
System memory in use before: 61.5 MB.
System memory in use after: 61.6 MB.

Unloading 5 unused Assets to reduce memory usage. Loaded Objects now: 1665.
Total: 2.513500 ms (FindLiveObjects: 0.230200 ms CreateObjectMapping: 0.041100 ms MarkObjects: 2.170500 ms  DeleteObjects: 0.070100 ms)

========================================================================
Received Prepare
Registering precompiled user dll's ...
Registered in 0.001890 seconds.
Begin MonoManager ReloadAssembly
Native extension for WindowsStandalone target not found
Refreshing native plugins compatible for Editor in 0.28 ms, found 0 plugins.
Preloading 0 native plugins for Editor in 0.00 ms.
Mono: successfully reloaded assembly
- Completed reload, in  1.050 seconds
Platform modules already initialized, skipping
Refreshing native plugins compatible for Editor in 0.40 ms, found 0 plugins.
Preloading 0 native plugins for Editor in 0.00 ms.
Unloading 1117 Unused Serialized files (Serialized files now loaded: 0)
System memory in use before: 61.5 MB.
System memory in use after: 61.6 MB.

Unloading 5 unused Assets to reduce memory usage. Loaded Objects now: 1668.
Total: 2.516400 ms (FindLiveObjects: 0.216600 ms CreateObjectMapping: 0.041600 ms MarkObjects: 2.162800 ms  DeleteObjects: 0.093300 ms)

========================================================================
Received Import Request.
  Time since last request: 6553.081598 seconds.
  path: Assets/Prefabs/DiaryCell.prefab
  artifactKey: Guid(1d192a346b02bf442b6e44e5133fade7) Importer(815301076,1909f56bfc062723c751e8b465ee728b)
Start importing Assets/Prefabs/DiaryCell.prefab using Guid(1d192a346b02bf442b6e44e5133fade7) Importer(815301076,1909f56bfc062723c751e8b465ee728b)  -> (artifact id: '3cab9c1bf0a071f20c7067ad99729bde') in 0.167855 seconds
  Import took 0.171260 seconds .

========================================================================
Received Import Request.
  Time since last request: 13.127142 seconds.
  path: Assets/Prefabs/DiaryCell.prefab
  artifactKey: Guid(1d192a346b02bf442b6e44e5133fade7) Importer(815301076,1909f56bfc062723c751e8b465ee728b)
Start importing Assets/Prefabs/DiaryCell.prefab using Guid(1d192a346b02bf442b6e44e5133fade7) Importer(815301076,1909f56bfc062723c751e8b465ee728b)  -> (artifact id: '3040339ff035671ffac862a129bc796b') in 0.005515 seconds
  Import took 0.008881 seconds .

========================================================================
Received Prepare
Registering precompiled user dll's ...
Registered in 0.001256 seconds.
Begin MonoManager ReloadAssembly
Native extension for WindowsStandalone target not found
Refreshing native plugins compatible for Editor in 0.29 ms, found 0 plugins.
Preloading 0 native plugins for Editor in 0.00 ms.
Mono: successfully reloaded assembly
- Completed reload, in  1.107 seconds
Platform modules already initialized, skipping
Refreshing native plugins compatible for Editor in 0.47 ms, found 0 plugins.
Preloading 0 native plugins for Editor in 0.00 ms.
Unloading 1117 Unused Serialized files (Serialized files now loaded: 0)
System memory in use before: 61.5 MB.
System memory in use after: 61.6 MB.

Unloading 6 unused Assets to reduce memory usage. Loaded Objects now: 1671.
Total: 3.003300 ms (FindLiveObjects: 0.388700 ms CreateObjectMapping: 0.050100 ms MarkObjects: 2.470600 ms  DeleteObjects: 0.091300 ms)

========================================================================
Received Import Request.
  Time since last request: 393.386670 seconds.
  path: Assets/Prefabs/DiaryCell.prefab
  artifactKey: Guid(1d192a346b02bf442b6e44e5133fade7) Importer(815301076,1909f56bfc062723c751e8b465ee728b)
Start importing Assets/Prefabs/DiaryCell.prefab using Guid(1d192a346b02bf442b6e44e5133fade7) Importer(815301076,1909f56bfc062723c751e8b465ee728b)  -> (artifact id: '8e266e05e47460012f2ffa1a5cacdb25') in 0.052628 seconds
  Import took 0.055989 seconds .

========================================================================
Received Import Request.
  Time since last request: 0.842826 seconds.
  path: Assets/Prefabs/DiaryCell.prefab
  artifactKey: Guid(1d192a346b02bf442b6e44e5133fade7) Importer(815301076,1909f56bfc062723c751e8b465ee728b)
Start importing Assets/Prefabs/DiaryCell.prefab using Guid(1d192a346b02bf442b6e44e5133fade7) Importer(815301076,1909f56bfc062723c751e8b465ee728b)  -> (artifact id: '505f5f7fdc86562fb02322abe1744c2f') in 0.007084 seconds
  Import took 0.010872 seconds .

========================================================================
Received Import Request.
  Time since last request: 3.834300 seconds.
  path: Assets/Prefabs/DiaryCell.prefab
  artifactKey: Guid(1d192a346b02bf442b6e44e5133fade7) Importer(815301076,1909f56bfc062723c751e8b465ee728b)
Start importing Assets/Prefabs/DiaryCell.prefab using Guid(1d192a346b02bf442b6e44e5133fade7) Importer(815301076,1909f56bfc062723c751e8b465ee728b)  -> (artifact id: '685c9b1de4795a2e5c671a4f9b49ce52') in 0.006369 seconds
  Import took 0.009627 seconds .

========================================================================
Received Import Request.
  Time since last request: 2.619304 seconds.
  path: Assets/Prefabs/DiaryCell.prefab
  artifactKey: Guid(1d192a346b02bf442b6e44e5133fade7) Importer(815301076,1909f56bfc062723c751e8b465ee728b)
Start importing Assets/Prefabs/DiaryCell.prefab using Guid(1d192a346b02bf442b6e44e5133fade7) Importer(815301076,1909f56bfc062723c751e8b465ee728b)  -> (artifact id: '6954dd6662102ed306e925de231a297e') in 0.006795 seconds
  Import took 0.010580 seconds .

========================================================================
Received Import Request.
  Time since last request: 4.436522 seconds.
  path: Assets/Prefabs/DiaryCell.prefab
  artifactKey: Guid(1d192a346b02bf442b6e44e5133fade7) Importer(815301076,1909f56bfc062723c751e8b465ee728b)
Start importing Assets/Prefabs/DiaryCell.prefab using Guid(1d192a346b02bf442b6e44e5133fade7) Importer(815301076,1909f56bfc062723c751e8b465ee728b)  -> (artifact id: '4bda3d61337f115ce187153578877ea4') in 0.008131 seconds
  Import took 0.011431 seconds .

========================================================================
Received Import Request.
  Time since last request: 1.629102 seconds.
  path: Assets/Prefabs/DiaryCell.prefab
  artifactKey: Guid(1d192a346b02bf442b6e44e5133fade7) Importer(815301076,1909f56bfc062723c751e8b465ee728b)
Start importing Assets/Prefabs/DiaryCell.prefab using Guid(1d192a346b02bf442b6e44e5133fade7) Importer(815301076,1909f56bfc062723c751e8b465ee728b)  -> (artifact id: 'c9d410b42e4bf14bb2a60888c00ea28a') in 0.005463 seconds
  Import took 0.008611 seconds .

========================================================================
Received Import Request.
  Time since last request: 5.222632 seconds.
  path: Assets/Prefabs/DiaryCell.prefab
  artifactKey: Guid(1d192a346b02bf442b6e44e5133fade7) Importer(815301076,1909f56bfc062723c751e8b465ee728b)
Start importing Assets/Prefabs/DiaryCell.prefab using Guid(1d192a346b02bf442b6e44e5133fade7) Importer(815301076,1909f56bfc062723c751e8b465ee728b)  -> (artifact id: 'faeb48853c18545b8e0385d2fd740fb4') in 0.006849 seconds
  Import took 0.010308 seconds .

========================================================================
Received Import Request.
  Time since last request: 16.518269 seconds.
  path: Assets/Prefabs/DiaryCell.prefab
  artifactKey: Guid(1d192a346b02bf442b6e44e5133fade7) Importer(815301076,1909f56bfc062723c751e8b465ee728b)
Start importing Assets/Prefabs/DiaryCell.prefab using Guid(1d192a346b02bf442b6e44e5133fade7) Importer(815301076,1909f56bfc062723c751e8b465ee728b)  -> (artifact id: 'c858103c2fd080b924c16363cd8a6c7d') in 0.006814 seconds
  Import took 0.009805 seconds .

========================================================================
Received Prepare
Registering precompiled user dll's ...
Registered in 0.001038 seconds.
Begin MonoManager ReloadAssembly
Native extension for WindowsStandalone target not found
Refreshing native plugins compatible for Editor in 0.26 ms, found 0 plugins.
Preloading 0 native plugins for Editor in 0.00 ms.
Mono: successfully reloaded assembly
- Completed reload, in  1.036 seconds
Platform modules already initialized, skipping
Refreshing native plugins compatible for Editor in 0.27 ms, found 0 plugins.
Preloading 0 native plugins for Editor in 0.00 ms.
Unloading 1117 Unused Serialized files (Serialized files now loaded: 0)
System memory in use before: 61.5 MB.
System memory in use after: 61.6 MB.

Unloading 6 unused Assets to reduce memory usage. Loaded Objects now: 1674.
Total: 2.510600 ms (FindLiveObjects: 0.287300 ms CreateObjectMapping: 0.044300 ms MarkObjects: 2.090100 ms  DeleteObjects: 0.086400 ms)

AssetImportWorkerClient::OnTransportError - code=2 error=End of file
